<?xml version="1.0" encoding="UTF-8"?>
<!-- Generated by org.testng.reporters.JUnitReportReporter -->
<testsuite hostname="MS-LP-18" failures="0" tests="2" name="com.TestVagrant.Tests.wikiDataTest" time="12.276" errors="0" timestamp="2022-07-25T10:24:34 IST" skipped="0">
  <testcase classname="com.TestVagrant.Tests.wikiDataTest" name="validatewikiCountryNameTest" time="5.248"/>
  <system-out/>
  <testcase classname="com.TestVagrant.Tests.wikiDataTest" name="validatewikiReleaseDateTest" time="7.028"/>
  <system-out/>
</testsuite> <!-- com.TestVagrant.Tests.wikiDataTest -->
